<?xml version="1.0" encoding="UTF-8"?>
<!-- Generated by org.testng.reporters.JUnitReportReporter -->
<testsuite skipped="0" hostname="DESKTOP-SI3OV50" name="regressionscripts.ValidLogin" tests="1" failures="0" timestamp="2020-04-11T19:15:55 IST" time="12.681" errors="0">
  <testcase name="validlogin" time="12.681" classname="regressionscripts.ValidLogin"/>
</testsuite> <!-- regressionscripts.ValidLogin -->
