<?xml version="1.0" encoding="UTF-8"?>
<!-- Generated by org.testng.reporters.JUnitReportReporter -->
<testsuite skipped="0" hostname="DESKTOP-SI3OV50" name="regressionscripts.InvalidLogin" tests="2" failures="0" timestamp="2020-04-11T18:57:54 IST" time="31.799" errors="0">
  <testcase name="InvalidLogin" time="14.687" classname="regressionscripts.InvalidLogin"/>
  <testcase name="InvalidLogin" time="17.112" classname="regressionscripts.InvalidLogin"/>
</testsuite> <!-- regressionscripts.InvalidLogin -->
